2010-06-17 11:11:04,344 FATAL [PubmedSOAPFetch] File Not Found: /config/OAI/config.txt
java.io.FileNotFoundException: \config\OAI\config.txt (The system cannot find the path specified)
	at java.io.FileInputStream.open(Native Method)
	at java.io.FileInputStream.<init>(Unknown Source)
	at java.io.FileInputStream.<init>(Unknown Source)
	at org.vivoweb.ingest.harvest.Fetch.OAIFetch(Fetch.java:72)
	at org.vivoweb.ingest.harvest.Fetch.main(Fetch.java:39)
2010-06-17 11:14:15,327 FATAL [PubmedSOAPFetch] File Not Found: /config/OAI/config.txt
java.io.FileNotFoundException: config.txt (The system cannot find the file specified)
	at java.io.FileInputStream.open(Native Method)
	at java.io.FileInputStream.<init>(Unknown Source)
	at java.io.FileInputStream.<init>(Unknown Source)
	at org.vivoweb.ingest.harvest.Fetch.OAIFetch(Fetch.java:72)
	at org.vivoweb.ingest.harvest.Fetch.main(Fetch.java:39)
2010-06-17 11:14:32,317 FATAL [PubmedSOAPFetch] File Not Found: /config/OAI/config.txt
java.io.FileNotFoundException: pubmed\config\OAI\config.txt (The system cannot find the path specified)
	at java.io.FileInputStream.open(Native Method)
	at java.io.FileInputStream.<init>(Unknown Source)
	at java.io.FileInputStream.<init>(Unknown Source)
	at org.vivoweb.ingest.harvest.Fetch.OAIFetch(Fetch.java:72)
	at org.vivoweb.ingest.harvest.Fetch.main(Fetch.java:39)
2010-06-17 11:16:05,896 FATAL [PubmedSOAPFetch] File Not Found: /config/OAI/config.txt
java.io.FileNotFoundException: OAIHarvestConfig.txt (The system cannot find the file specified)
	at java.io.FileInputStream.open(Native Method)
	at java.io.FileInputStream.<init>(Unknown Source)
	at java.io.FileInputStream.<init>(Unknown Source)
	at org.vivoweb.ingest.harvest.Fetch.OAIFetch(Fetch.java:72)
	at org.vivoweb.ingest.harvest.Fetch.main(Fetch.java:39)
2010-06-17 11:16:11,981 FATAL [PubmedSOAPFetch] File Not Found: /config/OAI/config.txt
java.io.FileNotFoundException: \config\OAIHarvestConfig.txt (The system cannot find the path specified)
	at java.io.FileInputStream.open(Native Method)
	at java.io.FileInputStream.<init>(Unknown Source)
	at java.io.FileInputStream.<init>(Unknown Source)
	at org.vivoweb.ingest.harvest.Fetch.OAIFetch(Fetch.java:72)
	at org.vivoweb.ingest.harvest.Fetch.main(Fetch.java:39)
2010-06-17 11:16:38,776 FATAL [PubmedSOAPFetch] File Not Found: /config/OAI/config.txt
java.io.FileNotFoundException: OAIHarvestConfig.txt (The system cannot find the file specified)
	at java.io.FileInputStream.open(Native Method)
	at java.io.FileInputStream.<init>(Unknown Source)
	at java.io.FileInputStream.<init>(Unknown Source)
	at org.vivoweb.ingest.harvest.Fetch.OAIFetch(Fetch.java:72)
	at org.vivoweb.ingest.harvest.Fetch.main(Fetch.java:39)
2010-06-17 11:16:39,144 FATAL [PubmedSOAPFetch] File Not Found: /config/OAI/config.txt
java.io.FileNotFoundException: OAIHarvestConfig.txt (The system cannot find the file specified)
	at java.io.FileInputStream.open(Native Method)
	at java.io.FileInputStream.<init>(Unknown Source)
	at java.io.FileInputStream.<init>(Unknown Source)
	at org.vivoweb.ingest.harvest.Fetch.OAIFetch(Fetch.java:72)
	at org.vivoweb.ingest.harvest.Fetch.main(Fetch.java:39)
2010-06-17 11:16:40,915 FATAL [PubmedSOAPFetch] File Not Found: /config/OAI/config.txt
java.io.FileNotFoundException: OAIHarvestConfig.txt (The system cannot find the file specified)
	at java.io.FileInputStream.open(Native Method)
	at java.io.FileInputStream.<init>(Unknown Source)
	at java.io.FileInputStream.<init>(Unknown Source)
	at org.vivoweb.ingest.harvest.Fetch.OAIFetch(Fetch.java:72)
	at org.vivoweb.ingest.harvest.Fetch.main(Fetch.java:39)
2010-06-17 11:16:46,465 FATAL [PubmedSOAPFetch] File Not Found: /config/OAI/config.txt
java.io.FileNotFoundException: \OAIHarvestConfig.txt (The system cannot find the file specified)
	at java.io.FileInputStream.open(Native Method)
	at java.io.FileInputStream.<init>(Unknown Source)
	at java.io.FileInputStream.<init>(Unknown Source)
	at org.vivoweb.ingest.harvest.Fetch.OAIFetch(Fetch.java:72)
	at org.vivoweb.ingest.harvest.Fetch.main(Fetch.java:39)
2010-06-17 11:16:51,278 FATAL [PubmedSOAPFetch] File Not Found: /config/OAI/config.txt
java.io.FileNotFoundException: OAIHarvestConfig.txt (The system cannot find the file specified)
	at java.io.FileInputStream.open(Native Method)
	at java.io.FileInputStream.<init>(Unknown Source)
	at java.io.FileInputStream.<init>(Unknown Source)
	at org.vivoweb.ingest.harvest.Fetch.OAIFetch(Fetch.java:72)
	at org.vivoweb.ingest.harvest.Fetch.main(Fetch.java:39)
2010-06-17 11:17:57,554 FATAL [PubmedSOAPFetch] File Not Found: /config/OAI/config.txt
java.io.FileNotFoundException: OAIHarvestConfig.txt (The system cannot find the file specified)
	at java.io.FileInputStream.open(Native Method)
	at java.io.FileInputStream.<init>(Unknown Source)
	at java.io.FileInputStream.<init>(Unknown Source)
	at org.vivoweb.ingest.harvest.Fetch.OAIFetch(Fetch.java:72)
	at org.vivoweb.ingest.harvest.Fetch.main(Fetch.java:39)
2010-06-17 11:18:54,844 FATAL [PubmedSOAPFetch] File Not Found: /config/OAI/config.txt
java.io.FileNotFoundException: OAIHarvestConfig.txt (The system cannot find the file specified)
	at java.io.FileInputStream.open(Native Method)
	at java.io.FileInputStream.<init>(Unknown Source)
	at java.io.FileInputStream.<init>(Unknown Source)
	at org.vivoweb.ingest.harvest.Fetch.OAIFetch(Fetch.java:72)
	at org.vivoweb.ingest.harvest.Fetch.main(Fetch.java:39)
2010-06-17 11:19:01,686 FATAL [PubmedSOAPFetch] File Not Found: /config/OAI/config.txt
java.io.FileNotFoundException: \config\OAIHarvestConfig.txt (The system cannot find the path specified)
	at java.io.FileInputStream.open(Native Method)
	at java.io.FileInputStream.<init>(Unknown Source)
	at java.io.FileInputStream.<init>(Unknown Source)
	at org.vivoweb.ingest.harvest.Fetch.OAIFetch(Fetch.java:72)
	at org.vivoweb.ingest.harvest.Fetch.main(Fetch.java:39)
2010-06-17 11:19:15,099 FATAL [PubmedSOAPFetch] File Not Found: /config/OAI/config.txt
java.io.FileNotFoundException: config\OAIHarvestConfig.txt (The system cannot find the file specified)
	at java.io.FileInputStream.open(Native Method)
	at java.io.FileInputStream.<init>(Unknown Source)
	at java.io.FileInputStream.<init>(Unknown Source)
	at org.vivoweb.ingest.harvest.Fetch.OAIFetch(Fetch.java:72)
	at org.vivoweb.ingest.harvest.Fetch.main(Fetch.java:39)
2010-06-17 11:19:28,560 FATAL [PubmedSOAPFetch] File Not Found: /config/OAI/config.txt
java.io.FileNotFoundException: org\vivoweb\ingest\harvest\config\OAIHarvestConfig.txt (The system cannot find the path specified)
	at java.io.FileInputStream.open(Native Method)
	at java.io.FileInputStream.<init>(Unknown Source)
	at java.io.FileInputStream.<init>(Unknown Source)
	at org.vivoweb.ingest.harvest.Fetch.OAIFetch(Fetch.java:72)
	at org.vivoweb.ingest.harvest.Fetch.main(Fetch.java:39)
2010-06-17 11:20:11,399 FATAL [PubmedSOAPFetch] File Not Found: /config/OAI/config.txt
java.io.FileNotFoundException: \org\vivoweb\ingest\harvest\config\OAIHarvestConfig.txt (The system cannot find the path specified)
	at java.io.FileInputStream.open(Native Method)
	at java.io.FileInputStream.<init>(Unknown Source)
	at java.io.FileInputStream.<init>(Unknown Source)
	at org.vivoweb.ingest.harvest.Fetch.OAIFetch(Fetch.java:72)
	at org.vivoweb.ingest.harvest.Fetch.main(Fetch.java:39)
2010-06-17 11:20:59,614 FATAL [PubmedSOAPFetch] File Not Found: /config/OAI/config.txt
java.io.FileNotFoundException: OAIHarvestConfig.txt (The system cannot find the file specified)
	at java.io.FileInputStream.open(Native Method)
	at java.io.FileInputStream.<init>(Unknown Source)
	at java.io.FileInputStream.<init>(Unknown Source)
	at org.vivoweb.ingest.harvest.Fetch.OAIFetch(Fetch.java:72)
	at org.vivoweb.ingest.harvest.Fetch.main(Fetch.java:39)
2010-06-17 11:22:42,284 FATAL [PubmedSOAPFetch] File Not Found: /config/OAI/config.txt
java.io.FileNotFoundException: \config\OAIHarvestConfig.txt (The system cannot find the path specified)
	at java.io.FileInputStream.open(Native Method)
	at java.io.FileInputStream.<init>(Unknown Source)
	at java.io.FileInputStream.<init>(Unknown Source)
	at org.vivoweb.ingest.harvest.Fetch.OAIFetch(Fetch.java:72)
	at org.vivoweb.ingest.harvest.Fetch.main(Fetch.java:39)
2010-06-17 12:46:18,927 FATAL [PubmedSOAPFetch] Initializing OAI Fetch.
2010-06-17 13:20:26,533 FATAL [Fetch] Invalid configuration file format. Entries must be key:value.
java.lang.IllegalArgumentException: Invalid configuration file format. Entries must be key:value.
	at org.vivoweb.ingest.harvest.Fetch.readConfig(Fetch.java:113)
	at org.vivoweb.ingest.harvest.Fetch.main(Fetch.java:41)
2010-06-17 13:21:07,872 FATAL [Fetch] 
java.lang.IllegalArgumentException: Invalid configuration file format. Entries must be key:value.
	at org.vivoweb.ingest.harvest.Fetch.readConfig(Fetch.java:113)
	at org.vivoweb.ingest.harvest.Fetch.main(Fetch.java:41)
2010-06-17 13:23:58,784 ERROR [Fetch] Error during OAI Fetch: 
java.io.FileNotFoundException: XMLVault\OAI\test.xml (The system cannot find the path specified)
	at java.io.FileOutputStream.open(Native Method)
	at java.io.FileOutputStream.<init>(Unknown Source)
	at java.io.FileOutputStream.<init>(Unknown Source)
	at org.vivoweb.ingest.harvest.Fetch.OAIFetch(Fetch.java:83)
	at org.vivoweb.ingest.harvest.Fetch.main(Fetch.java:41)
2010-06-17 13:26:40,735 FATAL [Fetch] 
java.lang.IllegalArgumentException: Missing parameter address in configuration file
	at org.vivoweb.ingest.harvest.Fetch.checkConfig(Fetch.java:142)
	at org.vivoweb.ingest.harvest.Fetch.OAIFetch(Fetch.java:79)
	at org.vivoweb.ingest.harvest.Fetch.main(Fetch.java:41)
2010-06-17 13:26:55,218 FATAL [Fetch] 
java.lang.IllegalArgumentException: Missing parameter "address" in configuration file
	at org.vivoweb.ingest.harvest.Fetch.checkConfig(Fetch.java:142)
	at org.vivoweb.ingest.harvest.Fetch.OAIFetch(Fetch.java:79)
	at org.vivoweb.ingest.harvest.Fetch.main(Fetch.java:41)
2010-06-17 15:39:13,776 FATAL [Fetch] Fetch attempted to run with incorrect number of arguments.
2010-06-17 16:39:54,980 FATAL [Fetch] Fetch attempted to run with incorrect number of arguments.
2010-06-17 16:40:36,586 ERROR [Fetch] Error during OAI Fetch: 
java.io.IOException: Server returned HTTP response code: 503 for URL: http://www.w3.org/TR/xhtml1/DTD/xhtml1-transitional.dtd
	at sun.net.www.protocol.http.HttpURLConnection.getInputStream(Unknown Source)
	at org.apache.xerces.impl.XMLEntityManager.setupCurrentEntity(Unknown Source)
	at org.apache.xerces.impl.XMLEntityManager.startEntity(Unknown Source)
	at org.apache.xerces.impl.XMLEntityManager.startDTDEntity(Unknown Source)
	at org.apache.xerces.impl.XMLDTDScannerImpl.setInputSource(Unknown Source)
	at org.apache.xerces.impl.XMLDocumentScannerImpl$DTDDispatcher.dispatch(Unknown Source)
	at org.apache.xerces.impl.XMLDocumentFragmentScannerImpl.scanDocument(Unknown Source)
	at org.apache.xerces.parsers.XML11Configuration.parse(Unknown Source)
	at org.apache.xerces.parsers.XML11Configuration.parse(Unknown Source)
	at org.apache.xerces.parsers.XMLParser.parse(Unknown Source)
	at org.apache.xerces.parsers.DOMParser.parse(Unknown Source)
	at org.apache.xerces.jaxp.DocumentBuilderImpl.parse(Unknown Source)
	at ORG.oclc.oai.harvester2.verb.HarvesterVerb.harvest(HarvesterVerb.java:260)
	at ORG.oclc.oai.harvester2.verb.HarvesterVerb.<init>(HarvesterVerb.java:183)
	at ORG.oclc.oai.harvester2.verb.Identify.<init>(Identify.java:48)
	at ORG.oclc.oai.harvester2.app.RawWrite.run(RawWrite.java:113)
	at org.vivoweb.ingest.fetch.OAIHarvest.execute(OAIHarvest.java:29)
	at org.vivoweb.ingest.fetch.Fetch.OAIFetch(Fetch.java:81)
	at org.vivoweb.ingest.fetch.Fetch.main(Fetch.java:41)
2010-06-17 16:46:57,972 ERROR [Fetch] Error during OAI Fetch: 
java.io.IOException: Server returned HTTP response code: 503 for URL: http://www.w3.org/TR/xhtml1/DTD/xhtml1-transitional.dtd
	at sun.net.www.protocol.http.HttpURLConnection.getInputStream(Unknown Source)
	at org.apache.xerces.impl.XMLEntityManager.setupCurrentEntity(Unknown Source)
	at org.apache.xerces.impl.XMLEntityManager.startEntity(Unknown Source)
	at org.apache.xerces.impl.XMLEntityManager.startDTDEntity(Unknown Source)
	at org.apache.xerces.impl.XMLDTDScannerImpl.setInputSource(Unknown Source)
	at org.apache.xerces.impl.XMLDocumentScannerImpl$DTDDispatcher.dispatch(Unknown Source)
	at org.apache.xerces.impl.XMLDocumentFragmentScannerImpl.scanDocument(Unknown Source)
	at org.apache.xerces.parsers.XML11Configuration.parse(Unknown Source)
	at org.apache.xerces.parsers.XML11Configuration.parse(Unknown Source)
	at org.apache.xerces.parsers.XMLParser.parse(Unknown Source)
	at org.apache.xerces.parsers.DOMParser.parse(Unknown Source)
	at org.apache.xerces.jaxp.DocumentBuilderImpl.parse(Unknown Source)
	at ORG.oclc.oai.harvester2.verb.HarvesterVerb.harvest(HarvesterVerb.java:260)
	at ORG.oclc.oai.harvester2.verb.HarvesterVerb.<init>(HarvesterVerb.java:183)
	at ORG.oclc.oai.harvester2.verb.Identify.<init>(Identify.java:48)
	at ORG.oclc.oai.harvester2.app.RawWrite.run(RawWrite.java:113)
	at org.vivoweb.ingest.fetch.OAIHarvest.execute(OAIHarvest.java:29)
	at org.vivoweb.ingest.fetch.Fetch.OAIFetch(Fetch.java:81)
	at org.vivoweb.ingest.fetch.Fetch.main(Fetch.java:41)
2010-06-18 10:31:17,551 ERROR [Fetch] Error during OAI Fetch: 
java.net.UnknownHostException: http
	at java.net.PlainSocketImpl.connect(Unknown Source)
	at java.net.SocksSocketImpl.connect(Unknown Source)
	at java.net.Socket.connect(Unknown Source)
	at java.net.Socket.connect(Unknown Source)
	at sun.net.NetworkClient.doConnect(Unknown Source)
	at sun.net.www.http.HttpClient.openServer(Unknown Source)
	at sun.net.www.http.HttpClient.openServer(Unknown Source)
	at sun.net.www.http.HttpClient.<init>(Unknown Source)
	at sun.net.www.http.HttpClient.New(Unknown Source)
	at sun.net.www.http.HttpClient.New(Unknown Source)
	at sun.net.www.protocol.http.HttpURLConnection.getNewHttpClient(Unknown Source)
	at sun.net.www.protocol.http.HttpURLConnection.plainConnect(Unknown Source)
	at sun.net.www.protocol.http.HttpURLConnection.connect(Unknown Source)
	at sun.net.www.protocol.http.HttpURLConnection.getInputStream(Unknown Source)
	at java.net.HttpURLConnection.getResponseCode(Unknown Source)
	at ORG.oclc.oai.harvester2.verb.HarvesterVerb.harvest(HarvesterVerb.java:209)
	at ORG.oclc.oai.harvester2.verb.HarvesterVerb.<init>(HarvesterVerb.java:183)
	at ORG.oclc.oai.harvester2.verb.Identify.<init>(Identify.java:48)
	at ORG.oclc.oai.harvester2.app.RawWrite.run(RawWrite.java:113)
	at org.vivoweb.ingest.fetch.OAIHarvest.execute(OAIHarvest.java:29)
	at org.vivoweb.ingest.fetch.Fetch.OAIFetch(Fetch.java:81)
	at org.vivoweb.ingest.fetch.Fetch.main(Fetch.java:41)
