2010-06-17 11:11:04,337 DEBUG [PubmedSOAPFetch] Initializing Fetch.
2010-06-17 11:11:04,338 DEBUG [PubmedSOAPFetch] Initializing OAI Fetch.
2010-06-17 11:11:04,344 FATAL [PubmedSOAPFetch] File Not Found: /config/OAI/config.txt
java.io.FileNotFoundException: \config\OAI\config.txt (The system cannot find the path specified)
	at java.io.FileInputStream.open(Native Method)
	at java.io.FileInputStream.<init>(Unknown Source)
	at java.io.FileInputStream.<init>(Unknown Source)
	at org.vivoweb.ingest.harvest.Fetch.OAIFetch(Fetch.java:72)
	at org.vivoweb.ingest.harvest.Fetch.main(Fetch.java:39)
2010-06-17 11:11:04,346 DEBUG [PubmedSOAPFetch] OAI Fetch Complete.
2010-06-17 11:11:04,346 DEBUG [PubmedSOAPFetch] Fetch Complete.
2010-06-17 11:13:15,394 DEBUG [PubmedSOAPFetch] Initializing Fetch.
2010-06-17 11:13:15,395 DEBUG [PubmedSOAPFetch] Initializing OAI Fetch.
2010-06-17 11:13:33,011 DEBUG [PubmedSOAPFetch] Initializing Fetch.
2010-06-17 11:13:33,011 DEBUG [PubmedSOAPFetch] Initializing OAI Fetch.
2010-06-17 11:13:45,103 DEBUG [PubmedSOAPFetch] Initializing Fetch.
2010-06-17 11:13:45,104 DEBUG [PubmedSOAPFetch] Initializing OAI Fetch.
2010-06-17 11:13:45,104 DEBUG [PubmedSOAPFetch] OAI Fetch Complete.
2010-06-17 11:13:45,104 DEBUG [PubmedSOAPFetch] Fetch Complete.
2010-06-17 11:14:15,326 DEBUG [PubmedSOAPFetch] Initializing Fetch.
2010-06-17 11:14:15,326 DEBUG [PubmedSOAPFetch] Initializing OAI Fetch.
2010-06-17 11:14:15,327 FATAL [PubmedSOAPFetch] File Not Found: /config/OAI/config.txt
java.io.FileNotFoundException: config.txt (The system cannot find the file specified)
	at java.io.FileInputStream.open(Native Method)
	at java.io.FileInputStream.<init>(Unknown Source)
	at java.io.FileInputStream.<init>(Unknown Source)
	at org.vivoweb.ingest.harvest.Fetch.OAIFetch(Fetch.java:72)
	at org.vivoweb.ingest.harvest.Fetch.main(Fetch.java:39)
2010-06-17 11:14:15,330 DEBUG [PubmedSOAPFetch] OAI Fetch Complete.
2010-06-17 11:14:15,330 DEBUG [PubmedSOAPFetch] Fetch Complete.
2010-06-17 11:14:22,662 DEBUG [PubmedSOAPFetch] Initializing Fetch.
2010-06-17 11:14:22,662 DEBUG [PubmedSOAPFetch] Initializing OAI Fetch.
2010-06-17 11:14:22,663 DEBUG [PubmedSOAPFetch] OAI Fetch Complete.
2010-06-17 11:14:22,663 DEBUG [PubmedSOAPFetch] Fetch Complete.
2010-06-17 11:14:32,316 DEBUG [PubmedSOAPFetch] Initializing Fetch.
2010-06-17 11:14:32,316 DEBUG [PubmedSOAPFetch] Initializing OAI Fetch.
2010-06-17 11:14:32,317 FATAL [PubmedSOAPFetch] File Not Found: /config/OAI/config.txt
java.io.FileNotFoundException: pubmed\config\OAI\config.txt (The system cannot find the path specified)
	at java.io.FileInputStream.open(Native Method)
	at java.io.FileInputStream.<init>(Unknown Source)
	at java.io.FileInputStream.<init>(Unknown Source)
	at org.vivoweb.ingest.harvest.Fetch.OAIFetch(Fetch.java:72)
	at org.vivoweb.ingest.harvest.Fetch.main(Fetch.java:39)
2010-06-17 11:14:32,319 DEBUG [PubmedSOAPFetch] OAI Fetch Complete.
2010-06-17 11:14:32,319 DEBUG [PubmedSOAPFetch] Fetch Complete.
2010-06-17 11:14:38,449 DEBUG [PubmedSOAPFetch] Initializing Fetch.
2010-06-17 11:14:38,449 DEBUG [PubmedSOAPFetch] Initializing OAI Fetch.
2010-06-17 11:14:38,450 DEBUG [PubmedSOAPFetch] OAI Fetch Complete.
2010-06-17 11:14:38,450 DEBUG [PubmedSOAPFetch] Fetch Complete.
2010-06-17 11:16:05,894 DEBUG [PubmedSOAPFetch] Initializing Fetch.
2010-06-17 11:16:05,895 DEBUG [PubmedSOAPFetch] Initializing OAI Fetch.
2010-06-17 11:16:05,896 FATAL [PubmedSOAPFetch] File Not Found: /config/OAI/config.txt
java.io.FileNotFoundException: OAIHarvestConfig.txt (The system cannot find the file specified)
	at java.io.FileInputStream.open(Native Method)
	at java.io.FileInputStream.<init>(Unknown Source)
	at java.io.FileInputStream.<init>(Unknown Source)
	at org.vivoweb.ingest.harvest.Fetch.OAIFetch(Fetch.java:72)
	at org.vivoweb.ingest.harvest.Fetch.main(Fetch.java:39)
2010-06-17 11:16:05,898 DEBUG [PubmedSOAPFetch] OAI Fetch Complete.
2010-06-17 11:16:05,898 DEBUG [PubmedSOAPFetch] Fetch Complete.
2010-06-17 11:16:11,979 DEBUG [PubmedSOAPFetch] Initializing Fetch.
2010-06-17 11:16:11,979 DEBUG [PubmedSOAPFetch] Initializing OAI Fetch.
2010-06-17 11:16:11,981 FATAL [PubmedSOAPFetch] File Not Found: /config/OAI/config.txt
java.io.FileNotFoundException: \config\OAIHarvestConfig.txt (The system cannot find the path specified)
	at java.io.FileInputStream.open(Native Method)
	at java.io.FileInputStream.<init>(Unknown Source)
	at java.io.FileInputStream.<init>(Unknown Source)
	at org.vivoweb.ingest.harvest.Fetch.OAIFetch(Fetch.java:72)
	at org.vivoweb.ingest.harvest.Fetch.main(Fetch.java:39)
2010-06-17 11:16:11,986 DEBUG [PubmedSOAPFetch] OAI Fetch Complete.
2010-06-17 11:16:11,986 DEBUG [PubmedSOAPFetch] Fetch Complete.
2010-06-17 11:16:15,438 DEBUG [PubmedSOAPFetch] Initializing Fetch.
2010-06-17 11:16:15,439 DEBUG [PubmedSOAPFetch] Initializing OAI Fetch.
2010-06-17 11:16:15,439 DEBUG [PubmedSOAPFetch] OAI Fetch Complete.
2010-06-17 11:16:15,439 DEBUG [PubmedSOAPFetch] Fetch Complete.
2010-06-17 11:16:38,773 DEBUG [PubmedSOAPFetch] Initializing Fetch.
2010-06-17 11:16:38,774 DEBUG [PubmedSOAPFetch] Initializing OAI Fetch.
2010-06-17 11:16:38,776 FATAL [PubmedSOAPFetch] File Not Found: /config/OAI/config.txt
java.io.FileNotFoundException: OAIHarvestConfig.txt (The system cannot find the file specified)
	at java.io.FileInputStream.open(Native Method)
	at java.io.FileInputStream.<init>(Unknown Source)
	at java.io.FileInputStream.<init>(Unknown Source)
	at org.vivoweb.ingest.harvest.Fetch.OAIFetch(Fetch.java:72)
	at org.vivoweb.ingest.harvest.Fetch.main(Fetch.java:39)
2010-06-17 11:16:38,777 DEBUG [PubmedSOAPFetch] OAI Fetch Complete.
2010-06-17 11:16:38,777 DEBUG [PubmedSOAPFetch] Fetch Complete.
2010-06-17 11:16:39,143 DEBUG [PubmedSOAPFetch] Initializing Fetch.
2010-06-17 11:16:39,143 DEBUG [PubmedSOAPFetch] Initializing OAI Fetch.
2010-06-17 11:16:39,144 FATAL [PubmedSOAPFetch] File Not Found: /config/OAI/config.txt
java.io.FileNotFoundException: OAIHarvestConfig.txt (The system cannot find the file specified)
	at java.io.FileInputStream.open(Native Method)
	at java.io.FileInputStream.<init>(Unknown Source)
	at java.io.FileInputStream.<init>(Unknown Source)
	at org.vivoweb.ingest.harvest.Fetch.OAIFetch(Fetch.java:72)
	at org.vivoweb.ingest.harvest.Fetch.main(Fetch.java:39)
2010-06-17 11:16:39,146 DEBUG [PubmedSOAPFetch] OAI Fetch Complete.
2010-06-17 11:16:39,146 DEBUG [PubmedSOAPFetch] Fetch Complete.
2010-06-17 11:16:40,914 DEBUG [PubmedSOAPFetch] Initializing Fetch.
2010-06-17 11:16:40,914 DEBUG [PubmedSOAPFetch] Initializing OAI Fetch.
2010-06-17 11:16:40,915 FATAL [PubmedSOAPFetch] File Not Found: /config/OAI/config.txt
java.io.FileNotFoundException: OAIHarvestConfig.txt (The system cannot find the file specified)
	at java.io.FileInputStream.open(Native Method)
	at java.io.FileInputStream.<init>(Unknown Source)
	at java.io.FileInputStream.<init>(Unknown Source)
	at org.vivoweb.ingest.harvest.Fetch.OAIFetch(Fetch.java:72)
	at org.vivoweb.ingest.harvest.Fetch.main(Fetch.java:39)
2010-06-17 11:16:40,917 DEBUG [PubmedSOAPFetch] OAI Fetch Complete.
2010-06-17 11:16:40,917 DEBUG [PubmedSOAPFetch] Fetch Complete.
2010-06-17 11:16:46,464 DEBUG [PubmedSOAPFetch] Initializing Fetch.
2010-06-17 11:16:46,464 DEBUG [PubmedSOAPFetch] Initializing OAI Fetch.
2010-06-17 11:16:46,465 FATAL [PubmedSOAPFetch] File Not Found: /config/OAI/config.txt
java.io.FileNotFoundException: \OAIHarvestConfig.txt (The system cannot find the file specified)
	at java.io.FileInputStream.open(Native Method)
	at java.io.FileInputStream.<init>(Unknown Source)
	at java.io.FileInputStream.<init>(Unknown Source)
	at org.vivoweb.ingest.harvest.Fetch.OAIFetch(Fetch.java:72)
	at org.vivoweb.ingest.harvest.Fetch.main(Fetch.java:39)
2010-06-17 11:16:46,467 DEBUG [PubmedSOAPFetch] OAI Fetch Complete.
2010-06-17 11:16:46,467 DEBUG [PubmedSOAPFetch] Fetch Complete.
2010-06-17 11:16:51,276 DEBUG [PubmedSOAPFetch] Initializing Fetch.
2010-06-17 11:16:51,276 DEBUG [PubmedSOAPFetch] Initializing OAI Fetch.
2010-06-17 11:16:51,278 FATAL [PubmedSOAPFetch] File Not Found: /config/OAI/config.txt
java.io.FileNotFoundException: OAIHarvestConfig.txt (The system cannot find the file specified)
	at java.io.FileInputStream.open(Native Method)
	at java.io.FileInputStream.<init>(Unknown Source)
	at java.io.FileInputStream.<init>(Unknown Source)
	at org.vivoweb.ingest.harvest.Fetch.OAIFetch(Fetch.java:72)
	at org.vivoweb.ingest.harvest.Fetch.main(Fetch.java:39)
2010-06-17 11:16:51,280 DEBUG [PubmedSOAPFetch] OAI Fetch Complete.
2010-06-17 11:16:51,280 DEBUG [PubmedSOAPFetch] Fetch Complete.
2010-06-17 11:17:57,553 DEBUG [PubmedSOAPFetch] Initializing Fetch.
2010-06-17 11:17:57,553 DEBUG [PubmedSOAPFetch] Initializing OAI Fetch.
2010-06-17 11:17:57,554 FATAL [PubmedSOAPFetch] File Not Found: /config/OAI/config.txt
java.io.FileNotFoundException: OAIHarvestConfig.txt (The system cannot find the file specified)
	at java.io.FileInputStream.open(Native Method)
	at java.io.FileInputStream.<init>(Unknown Source)
	at java.io.FileInputStream.<init>(Unknown Source)
	at org.vivoweb.ingest.harvest.Fetch.OAIFetch(Fetch.java:72)
	at org.vivoweb.ingest.harvest.Fetch.main(Fetch.java:39)
2010-06-17 11:17:57,556 DEBUG [PubmedSOAPFetch] OAI Fetch Complete.
2010-06-17 11:17:57,556 DEBUG [PubmedSOAPFetch] Fetch Complete.
2010-06-17 11:18:54,841 DEBUG [PubmedSOAPFetch] Initializing Fetch.
2010-06-17 11:18:54,842 DEBUG [PubmedSOAPFetch] Initializing OAI Fetch.
2010-06-17 11:18:54,844 FATAL [PubmedSOAPFetch] File Not Found: /config/OAI/config.txt
java.io.FileNotFoundException: OAIHarvestConfig.txt (The system cannot find the file specified)
	at java.io.FileInputStream.open(Native Method)
	at java.io.FileInputStream.<init>(Unknown Source)
	at java.io.FileInputStream.<init>(Unknown Source)
	at org.vivoweb.ingest.harvest.Fetch.OAIFetch(Fetch.java:72)
	at org.vivoweb.ingest.harvest.Fetch.main(Fetch.java:39)
2010-06-17 11:18:54,849 DEBUG [PubmedSOAPFetch] OAI Fetch Complete.
2010-06-17 11:18:54,849 DEBUG [PubmedSOAPFetch] Fetch Complete.
2010-06-17 11:19:01,684 DEBUG [PubmedSOAPFetch] Initializing Fetch.
2010-06-17 11:19:01,685 DEBUG [PubmedSOAPFetch] Initializing OAI Fetch.
2010-06-17 11:19:01,686 FATAL [PubmedSOAPFetch] File Not Found: /config/OAI/config.txt
java.io.FileNotFoundException: \config\OAIHarvestConfig.txt (The system cannot find the path specified)
	at java.io.FileInputStream.open(Native Method)
	at java.io.FileInputStream.<init>(Unknown Source)
	at java.io.FileInputStream.<init>(Unknown Source)
	at org.vivoweb.ingest.harvest.Fetch.OAIFetch(Fetch.java:72)
	at org.vivoweb.ingest.harvest.Fetch.main(Fetch.java:39)
2010-06-17 11:19:01,688 DEBUG [PubmedSOAPFetch] OAI Fetch Complete.
2010-06-17 11:19:01,688 DEBUG [PubmedSOAPFetch] Fetch Complete.
2010-06-17 11:19:15,096 DEBUG [PubmedSOAPFetch] Initializing Fetch.
2010-06-17 11:19:15,097 DEBUG [PubmedSOAPFetch] Initializing OAI Fetch.
2010-06-17 11:19:15,099 FATAL [PubmedSOAPFetch] File Not Found: /config/OAI/config.txt
java.io.FileNotFoundException: config\OAIHarvestConfig.txt (The system cannot find the file specified)
	at java.io.FileInputStream.open(Native Method)
	at java.io.FileInputStream.<init>(Unknown Source)
	at java.io.FileInputStream.<init>(Unknown Source)
	at org.vivoweb.ingest.harvest.Fetch.OAIFetch(Fetch.java:72)
	at org.vivoweb.ingest.harvest.Fetch.main(Fetch.java:39)
2010-06-17 11:19:15,101 DEBUG [PubmedSOAPFetch] OAI Fetch Complete.
2010-06-17 11:19:15,101 DEBUG [PubmedSOAPFetch] Fetch Complete.
2010-06-17 11:19:28,558 DEBUG [PubmedSOAPFetch] Initializing Fetch.
2010-06-17 11:19:28,559 DEBUG [PubmedSOAPFetch] Initializing OAI Fetch.
2010-06-17 11:19:28,560 FATAL [PubmedSOAPFetch] File Not Found: /config/OAI/config.txt
java.io.FileNotFoundException: org\vivoweb\ingest\harvest\config\OAIHarvestConfig.txt (The system cannot find the path specified)
	at java.io.FileInputStream.open(Native Method)
	at java.io.FileInputStream.<init>(Unknown Source)
	at java.io.FileInputStream.<init>(Unknown Source)
	at org.vivoweb.ingest.harvest.Fetch.OAIFetch(Fetch.java:72)
	at org.vivoweb.ingest.harvest.Fetch.main(Fetch.java:39)
2010-06-17 11:19:28,561 DEBUG [PubmedSOAPFetch] OAI Fetch Complete.
2010-06-17 11:19:28,561 DEBUG [PubmedSOAPFetch] Fetch Complete.
2010-06-17 11:20:11,398 DEBUG [PubmedSOAPFetch] Initializing Fetch.
2010-06-17 11:20:11,398 DEBUG [PubmedSOAPFetch] Initializing OAI Fetch.
2010-06-17 11:20:11,399 FATAL [PubmedSOAPFetch] File Not Found: /config/OAI/config.txt
java.io.FileNotFoundException: \org\vivoweb\ingest\harvest\config\OAIHarvestConfig.txt (The system cannot find the path specified)
	at java.io.FileInputStream.open(Native Method)
	at java.io.FileInputStream.<init>(Unknown Source)
	at java.io.FileInputStream.<init>(Unknown Source)
	at org.vivoweb.ingest.harvest.Fetch.OAIFetch(Fetch.java:72)
	at org.vivoweb.ingest.harvest.Fetch.main(Fetch.java:39)
2010-06-17 11:20:11,401 DEBUG [PubmedSOAPFetch] OAI Fetch Complete.
2010-06-17 11:20:11,401 DEBUG [PubmedSOAPFetch] Fetch Complete.
2010-06-17 11:20:59,612 DEBUG [PubmedSOAPFetch] Initializing Fetch.
2010-06-17 11:20:59,613 DEBUG [PubmedSOAPFetch] Initializing OAI Fetch.
2010-06-17 11:20:59,614 FATAL [PubmedSOAPFetch] File Not Found: /config/OAI/config.txt
java.io.FileNotFoundException: OAIHarvestConfig.txt (The system cannot find the file specified)
	at java.io.FileInputStream.open(Native Method)
	at java.io.FileInputStream.<init>(Unknown Source)
	at java.io.FileInputStream.<init>(Unknown Source)
	at org.vivoweb.ingest.harvest.Fetch.OAIFetch(Fetch.java:72)
	at org.vivoweb.ingest.harvest.Fetch.main(Fetch.java:39)
2010-06-17 11:20:59,616 DEBUG [PubmedSOAPFetch] OAI Fetch Complete.
2010-06-17 11:20:59,616 DEBUG [PubmedSOAPFetch] Fetch Complete.
2010-06-17 11:22:00,985 DEBUG [PubmedSOAPFetch] Initializing Fetch.
2010-06-17 11:22:00,985 DEBUG [PubmedSOAPFetch] Initializing OAI Fetch.
2010-06-17 11:22:00,986 DEBUG [PubmedSOAPFetch] OAI Fetch Complete.
2010-06-17 11:22:00,986 DEBUG [PubmedSOAPFetch] Fetch Complete.
2010-06-17 11:22:42,282 DEBUG [PubmedSOAPFetch] Initializing Fetch.
2010-06-17 11:22:42,283 DEBUG [PubmedSOAPFetch] Initializing OAI Fetch.
2010-06-17 11:22:42,284 FATAL [PubmedSOAPFetch] File Not Found: /config/OAI/config.txt
java.io.FileNotFoundException: \config\OAIHarvestConfig.txt (The system cannot find the path specified)
	at java.io.FileInputStream.open(Native Method)
	at java.io.FileInputStream.<init>(Unknown Source)
	at java.io.FileInputStream.<init>(Unknown Source)
	at org.vivoweb.ingest.harvest.Fetch.OAIFetch(Fetch.java:72)
	at org.vivoweb.ingest.harvest.Fetch.main(Fetch.java:39)
2010-06-17 11:22:42,286 DEBUG [PubmedSOAPFetch] OAI Fetch Complete.
2010-06-17 11:22:42,286 DEBUG [PubmedSOAPFetch] Fetch Complete.
2010-06-17 11:38:32,727 DEBUG [PubmedSOAPFetch] Initializing Fetch.
2010-06-17 11:38:32,727 DEBUG [PubmedSOAPFetch] Initializing OAI Fetch.
2010-06-17 11:38:36,035 DEBUG [PubmedSOAPFetch] OAI Fetch Complete.
2010-06-17 11:38:36,035 DEBUG [PubmedSOAPFetch] Fetch Complete.
2010-06-17 12:46:18,927 DEBUG [PubmedSOAPFetch] Initializing Fetch.
2010-06-17 12:46:18,927 FATAL [PubmedSOAPFetch] Initializing OAI Fetch.
2010-06-17 12:46:22,207 DEBUG [PubmedSOAPFetch] OAI Fetch Complete.
2010-06-17 12:46:22,207 DEBUG [PubmedSOAPFetch] Fetch Complete.
2010-06-17 12:46:27,656 DEBUG [PubmedSOAPFetch] Initializing Fetch.
2010-06-17 12:46:27,657 DEBUG [PubmedSOAPFetch] Initializing OAI Fetch.
2010-06-17 12:46:30,904 DEBUG [PubmedSOAPFetch] OAI Fetch Complete.
2010-06-17 12:46:30,905 DEBUG [PubmedSOAPFetch] Fetch Complete.
2010-06-17 12:51:22,686 DEBUG [Fetch] Initializing Fetch.
2010-06-17 12:51:22,687 DEBUG [Fetch] Initializing OAI Fetch.
2010-06-17 12:51:22,687 DEBUG [Fetch] OAI Fetch Complete.
2010-06-17 12:51:22,687 DEBUG [Fetch] Fetch Complete.
2010-06-17 12:51:55,083 DEBUG [Fetch] Initializing Fetch.
2010-06-17 12:51:55,083 DEBUG [Fetch] Initializing OAI Fetch.
2010-06-17 12:51:55,084 DEBUG [Fetch] OAI Fetch Complete.
2010-06-17 12:51:55,084 DEBUG [Fetch] Fetch Complete.
2010-06-17 12:52:27,951 DEBUG [Fetch] Initializing Fetch.
2010-06-17 12:52:27,951 DEBUG [Fetch] Initializing OAI Fetch.
2010-06-17 12:52:27,952 DEBUG [Fetch] OAI Fetch Complete.
2010-06-17 12:52:27,952 DEBUG [Fetch] Fetch Complete.
2010-06-17 12:52:54,514 DEBUG [Fetch] Initializing Fetch.
2010-06-17 12:52:54,515 DEBUG [Fetch] Initializing OAI Fetch.
2010-06-17 12:52:54,516 DEBUG [Fetch] OAI Fetch Complete.
2010-06-17 12:52:54,516 DEBUG [Fetch] Fetch Complete.
2010-06-17 12:54:53,077 DEBUG [Fetch] Initializing Fetch.
2010-06-17 12:54:53,077 DEBUG [Fetch] Initializing OAI Fetch.
2010-06-17 12:54:53,077 DEBUG [Fetch] OAI Fetch Complete.
2010-06-17 12:54:53,077 DEBUG [Fetch] Fetch Complete.
2010-06-17 12:55:07,419 DEBUG [Fetch] Initializing Fetch.
2010-06-17 12:55:07,419 DEBUG [Fetch] Initializing OAI Fetch.
2010-06-17 12:55:07,420 DEBUG [Fetch] OAI Fetch Complete.
2010-06-17 12:55:07,420 DEBUG [Fetch] Fetch Complete.
2010-06-17 12:59:30,941 DEBUG [Fetch] Initializing Fetch.
2010-06-17 12:59:30,941 DEBUG [Fetch] Initializing OAI Fetch.
2010-06-17 12:59:30,942 DEBUG [Fetch] OAI Fetch Complete.
2010-06-17 12:59:30,943 DEBUG [Fetch] Fetch Complete.
2010-06-17 13:16:03,674 DEBUG [Fetch] Initializing Fetch.
2010-06-17 13:16:18,433 DEBUG [Fetch] Initializing Fetch.
2010-06-17 13:20:16,510 DEBUG [Fetch] Initializing Fetch.
2010-06-17 13:20:16,512 DEBUG [Fetch] Initializing OAI Fetch.
2010-06-17 13:20:19,618 DEBUG [Fetch] OAI Fetch Complete.
2010-06-17 13:20:19,618 DEBUG [Fetch] Fetch Complete.
2010-06-17 13:20:26,528 DEBUG [Fetch] Initializing Fetch.
2010-06-17 13:20:26,533 FATAL [Fetch] Invalid configuration file format. Entries must be key:value.
java.lang.IllegalArgumentException: Invalid configuration file format. Entries must be key:value.
	at org.vivoweb.ingest.harvest.Fetch.readConfig(Fetch.java:113)
	at org.vivoweb.ingest.harvest.Fetch.main(Fetch.java:41)
2010-06-17 13:20:26,534 DEBUG [Fetch] Fetch Complete.
2010-06-17 13:20:49,539 DEBUG [Fetch] Initializing Fetch.
2010-06-17 13:20:49,540 DEBUG [Fetch] Fetch Complete.
2010-06-17 13:21:07,870 DEBUG [Fetch] Initializing Fetch.
2010-06-17 13:21:07,872 FATAL [Fetch] 
java.lang.IllegalArgumentException: Invalid configuration file format. Entries must be key:value.
	at org.vivoweb.ingest.harvest.Fetch.readConfig(Fetch.java:113)
	at org.vivoweb.ingest.harvest.Fetch.main(Fetch.java:41)
2010-06-17 13:21:07,873 DEBUG [Fetch] Fetch Complete.
2010-06-17 13:21:17,747 DEBUG [Fetch] Initializing Fetch.
2010-06-17 13:21:17,751 DEBUG [Fetch] Initializing OAI Fetch.
2010-06-17 13:21:21,037 DEBUG [Fetch] OAI Fetch Complete.
2010-06-17 13:21:21,038 DEBUG [Fetch] Fetch Complete.
2010-06-17 13:22:40,961 DEBUG [Fetch] Initializing Fetch.
2010-06-17 13:22:40,963 DEBUG [Fetch] Initializing OAI Fetch.
2010-06-17 13:22:44,057 DEBUG [Fetch] OAI Fetch Complete.
2010-06-17 13:22:44,058 DEBUG [Fetch] Fetch Complete.
2010-06-17 13:23:13,680 DEBUG [Fetch] Initializing Fetch.
2010-06-17 13:23:13,682 DEBUG [Fetch] Initializing OAI Fetch.
2010-06-17 13:23:19,726 DEBUG [Fetch] OAI Fetch Complete.
2010-06-17 13:23:19,726 DEBUG [Fetch] Fetch Complete.
2010-06-17 13:23:58,778 DEBUG [Fetch] Initializing Fetch.
2010-06-17 13:23:58,783 DEBUG [Fetch] Initializing OAI Fetch.
2010-06-17 13:23:58,784 ERROR [Fetch] Error during OAI Fetch: 
java.io.FileNotFoundException: XMLVault\OAI\test.xml (The system cannot find the path specified)
	at java.io.FileOutputStream.open(Native Method)
	at java.io.FileOutputStream.<init>(Unknown Source)
	at java.io.FileOutputStream.<init>(Unknown Source)
	at org.vivoweb.ingest.harvest.Fetch.OAIFetch(Fetch.java:83)
	at org.vivoweb.ingest.harvest.Fetch.main(Fetch.java:41)
2010-06-17 13:23:58,786 DEBUG [Fetch] OAI Fetch Complete.
2010-06-17 13:23:58,786 DEBUG [Fetch] Fetch Complete.
2010-06-17 13:24:14,633 DEBUG [Fetch] Initializing Fetch.
2010-06-17 13:24:14,635 DEBUG [Fetch] Initializing OAI Fetch.
2010-06-17 13:24:17,780 DEBUG [Fetch] OAI Fetch Complete.
2010-06-17 13:24:17,781 DEBUG [Fetch] Fetch Complete.
2010-06-17 13:26:40,733 DEBUG [Fetch] Initializing Fetch.
2010-06-17 13:26:40,735 DEBUG [Fetch] Initializing OAI Fetch.
2010-06-17 13:26:40,735 FATAL [Fetch] 
java.lang.IllegalArgumentException: Missing parameter address in configuration file
	at org.vivoweb.ingest.harvest.Fetch.checkConfig(Fetch.java:142)
	at org.vivoweb.ingest.harvest.Fetch.OAIFetch(Fetch.java:79)
	at org.vivoweb.ingest.harvest.Fetch.main(Fetch.java:41)
2010-06-17 13:26:40,737 DEBUG [Fetch] Fetch Complete.
2010-06-17 13:26:55,216 DEBUG [Fetch] Initializing Fetch.
2010-06-17 13:26:55,217 DEBUG [Fetch] Initializing OAI Fetch.
2010-06-17 13:26:55,218 FATAL [Fetch] 
java.lang.IllegalArgumentException: Missing parameter "address" in configuration file
	at org.vivoweb.ingest.harvest.Fetch.checkConfig(Fetch.java:142)
	at org.vivoweb.ingest.harvest.Fetch.OAIFetch(Fetch.java:79)
	at org.vivoweb.ingest.harvest.Fetch.main(Fetch.java:41)
2010-06-17 13:26:55,220 DEBUG [Fetch] Fetch Complete.
2010-06-17 13:27:31,731 DEBUG [Fetch] Initializing Fetch.
2010-06-17 13:27:31,732 DEBUG [Fetch] Initializing OAI Fetch.
2010-06-17 13:27:35,191 DEBUG [Fetch] OAI Fetch Complete.
2010-06-17 13:27:35,191 DEBUG [Fetch] Fetch Complete.
2010-06-17 14:17:52,376 DEBUG [Fetch] Initializing Fetch.
2010-06-17 14:18:22,917 DEBUG [Fetch] Initializing Fetch.
2010-06-17 14:18:28,062 DEBUG [Fetch] Initializing Fetch.
2010-06-17 14:18:28,064 DEBUG [Fetch] Initializing Fetch.
2010-06-17 14:18:34,802 DEBUG [Fetch] Initializing Fetch.
2010-06-17 14:18:36,288 TRACE [PubmedSOAPFetch] Query resulted in a total of 7709 records.
2010-06-17 14:18:36,289 TRACE [PubmedSOAPFetch] Fetching records from search
2010-06-17 14:19:31,840 DEBUG [Fetch] Initializing Fetch.
2010-06-17 14:19:33,254 TRACE [PubmedSOAPFetch] Query resulted in a total of 1000 records.
2010-06-17 14:19:33,255 TRACE [PubmedSOAPFetch] Fetching records from search
2010-06-17 14:19:45,561 TRACE [PubmedSOAPFetch] Writing to output
2010-06-17 14:19:45,736 TRACE [PubmedSOAPFetch] Writing complete
2010-06-17 14:19:45,828 TRACE [PubmedSOAPFetch] Sanitizing Output
2010-06-17 14:19:46,263 TRACE [PubmedSOAPFetch] XML File Length - Pre Sanitize: 5746511
2010-06-17 14:19:46,263 TRACE [PubmedSOAPFetch] XML File Length - Post Sanitze: 5685489
2010-06-17 14:19:46,309 TRACE [PubmedSOAPFetch] Sanitization Complete
2010-06-17 14:19:46,309 DEBUG [Fetch] Fetch Complete.
2010-06-17 15:39:13,776 DEBUG [Fetch] Initializing Fetch.
2010-06-17 15:39:13,776 FATAL [Fetch] Fetch attempted to run with incorrect number of arguments.
2010-06-17 15:39:13,777 DEBUG [Fetch] Fetch Complete.
2010-06-17 16:39:54,980 DEBUG [Fetch] Initializing Fetch.
2010-06-17 16:39:54,980 FATAL [Fetch] Fetch attempted to run with incorrect number of arguments.
2010-06-17 16:39:54,980 DEBUG [Fetch] Fetch Complete.
2010-06-17 16:40:07,257 DEBUG [Fetch] Initializing Fetch.
2010-06-17 16:40:07,257 DEBUG [Fetch] Initializing OAI Fetch.
2010-06-17 16:40:10,518 DEBUG [Fetch] OAI Fetch Complete.
2010-06-17 16:40:10,518 DEBUG [Fetch] Fetch Complete.
2010-06-17 16:40:35,962 DEBUG [Fetch] Initializing Fetch.
2010-06-17 16:40:35,962 DEBUG [Fetch] Initializing OAI Fetch.
2010-06-17 16:40:36,586 ERROR [Fetch] Error during OAI Fetch: 
java.io.IOException: Server returned HTTP response code: 503 for URL: http://www.w3.org/TR/xhtml1/DTD/xhtml1-transitional.dtd
	at sun.net.www.protocol.http.HttpURLConnection.getInputStream(Unknown Source)
	at org.apache.xerces.impl.XMLEntityManager.setupCurrentEntity(Unknown Source)
	at org.apache.xerces.impl.XMLEntityManager.startEntity(Unknown Source)
	at org.apache.xerces.impl.XMLEntityManager.startDTDEntity(Unknown Source)
	at org.apache.xerces.impl.XMLDTDScannerImpl.setInputSource(Unknown Source)
	at org.apache.xerces.impl.XMLDocumentScannerImpl$DTDDispatcher.dispatch(Unknown Source)
	at org.apache.xerces.impl.XMLDocumentFragmentScannerImpl.scanDocument(Unknown Source)
	at org.apache.xerces.parsers.XML11Configuration.parse(Unknown Source)
	at org.apache.xerces.parsers.XML11Configuration.parse(Unknown Source)
	at org.apache.xerces.parsers.XMLParser.parse(Unknown Source)
	at org.apache.xerces.parsers.DOMParser.parse(Unknown Source)
	at org.apache.xerces.jaxp.DocumentBuilderImpl.parse(Unknown Source)
	at ORG.oclc.oai.harvester2.verb.HarvesterVerb.harvest(HarvesterVerb.java:260)
	at ORG.oclc.oai.harvester2.verb.HarvesterVerb.<init>(HarvesterVerb.java:183)
	at ORG.oclc.oai.harvester2.verb.Identify.<init>(Identify.java:48)
	at ORG.oclc.oai.harvester2.app.RawWrite.run(RawWrite.java:113)
	at org.vivoweb.ingest.fetch.OAIHarvest.execute(OAIHarvest.java:29)
	at org.vivoweb.ingest.fetch.Fetch.OAIFetch(Fetch.java:81)
	at org.vivoweb.ingest.fetch.Fetch.main(Fetch.java:41)
2010-06-17 16:40:36,586 DEBUG [Fetch] OAI Fetch Complete.
2010-06-17 16:40:36,586 DEBUG [Fetch] Fetch Complete.
2010-06-17 16:41:04,510 DEBUG [Fetch] Initializing Fetch.
2010-06-17 16:41:04,526 DEBUG [Fetch] Initializing OAI Fetch.
2010-06-17 16:41:07,600 DEBUG [Fetch] OAI Fetch Complete.
2010-06-17 16:41:07,600 DEBUG [Fetch] Fetch Complete.
2010-06-17 16:46:57,457 DEBUG [Fetch] Initializing Fetch.
2010-06-17 16:46:57,457 DEBUG [Fetch] Initializing OAI Fetch.
2010-06-17 16:46:57,972 ERROR [Fetch] Error during OAI Fetch: 
java.io.IOException: Server returned HTTP response code: 503 for URL: http://www.w3.org/TR/xhtml1/DTD/xhtml1-transitional.dtd
	at sun.net.www.protocol.http.HttpURLConnection.getInputStream(Unknown Source)
	at org.apache.xerces.impl.XMLEntityManager.setupCurrentEntity(Unknown Source)
	at org.apache.xerces.impl.XMLEntityManager.startEntity(Unknown Source)
	at org.apache.xerces.impl.XMLEntityManager.startDTDEntity(Unknown Source)
	at org.apache.xerces.impl.XMLDTDScannerImpl.setInputSource(Unknown Source)
	at org.apache.xerces.impl.XMLDocumentScannerImpl$DTDDispatcher.dispatch(Unknown Source)
	at org.apache.xerces.impl.XMLDocumentFragmentScannerImpl.scanDocument(Unknown Source)
	at org.apache.xerces.parsers.XML11Configuration.parse(Unknown Source)
	at org.apache.xerces.parsers.XML11Configuration.parse(Unknown Source)
	at org.apache.xerces.parsers.XMLParser.parse(Unknown Source)
	at org.apache.xerces.parsers.DOMParser.parse(Unknown Source)
	at org.apache.xerces.jaxp.DocumentBuilderImpl.parse(Unknown Source)
	at ORG.oclc.oai.harvester2.verb.HarvesterVerb.harvest(HarvesterVerb.java:260)
	at ORG.oclc.oai.harvester2.verb.HarvesterVerb.<init>(HarvesterVerb.java:183)
	at ORG.oclc.oai.harvester2.verb.Identify.<init>(Identify.java:48)
	at ORG.oclc.oai.harvester2.app.RawWrite.run(RawWrite.java:113)
	at org.vivoweb.ingest.fetch.OAIHarvest.execute(OAIHarvest.java:29)
	at org.vivoweb.ingest.fetch.Fetch.OAIFetch(Fetch.java:81)
	at org.vivoweb.ingest.fetch.Fetch.main(Fetch.java:41)
2010-06-17 16:46:57,972 DEBUG [Fetch] OAI Fetch Complete.
2010-06-17 16:46:57,972 DEBUG [Fetch] Fetch Complete.
2010-06-17 16:48:44,519 DEBUG [Fetch] Initializing Fetch.
2010-06-17 16:48:44,519 DEBUG [Fetch] Initializing OAI Fetch.
2010-06-17 16:48:46,579 DEBUG [Fetch] OAI Fetch Complete.
2010-06-17 16:48:46,579 DEBUG [Fetch] Fetch Complete.
2010-06-17 16:49:17,639 DEBUG [Fetch] Initializing Fetch.
2010-06-17 16:49:17,639 DEBUG [Fetch] Initializing OAI Fetch.
2010-06-17 16:49:21,133 DEBUG [Fetch] OAI Fetch Complete.
2010-06-17 16:49:21,134 DEBUG [Fetch] Fetch Complete.
2010-06-18 10:31:13,625 DEBUG [Fetch] Initializing Fetch.
2010-06-18 10:31:13,644 DEBUG [Fetch] Initializing OAI Fetch.
2010-06-18 10:31:17,551 ERROR [Fetch] Error during OAI Fetch: 
java.net.UnknownHostException: http
	at java.net.PlainSocketImpl.connect(Unknown Source)
	at java.net.SocksSocketImpl.connect(Unknown Source)
	at java.net.Socket.connect(Unknown Source)
	at java.net.Socket.connect(Unknown Source)
	at sun.net.NetworkClient.doConnect(Unknown Source)
	at sun.net.www.http.HttpClient.openServer(Unknown Source)
	at sun.net.www.http.HttpClient.openServer(Unknown Source)
	at sun.net.www.http.HttpClient.<init>(Unknown Source)
	at sun.net.www.http.HttpClient.New(Unknown Source)
	at sun.net.www.http.HttpClient.New(Unknown Source)
	at sun.net.www.protocol.http.HttpURLConnection.getNewHttpClient(Unknown Source)
	at sun.net.www.protocol.http.HttpURLConnection.plainConnect(Unknown Source)
	at sun.net.www.protocol.http.HttpURLConnection.connect(Unknown Source)
	at sun.net.www.protocol.http.HttpURLConnection.getInputStream(Unknown Source)
	at java.net.HttpURLConnection.getResponseCode(Unknown Source)
	at ORG.oclc.oai.harvester2.verb.HarvesterVerb.harvest(HarvesterVerb.java:209)
	at ORG.oclc.oai.harvester2.verb.HarvesterVerb.<init>(HarvesterVerb.java:183)
	at ORG.oclc.oai.harvester2.verb.Identify.<init>(Identify.java:48)
	at ORG.oclc.oai.harvester2.app.RawWrite.run(RawWrite.java:113)
	at org.vivoweb.ingest.fetch.OAIHarvest.execute(OAIHarvest.java:29)
	at org.vivoweb.ingest.fetch.Fetch.OAIFetch(Fetch.java:81)
	at org.vivoweb.ingest.fetch.Fetch.main(Fetch.java:41)
2010-06-18 10:31:17,576 DEBUG [Fetch] OAI Fetch Complete.
2010-06-18 10:31:17,576 DEBUG [Fetch] Fetch Complete.
2010-06-18 10:31:47,347 DEBUG [Fetch] Initializing Fetch.
2010-06-18 10:31:47,380 DEBUG [Fetch] Initializing OAI Fetch.
2010-06-18 10:34:07,948 DEBUG [Fetch] OAI Fetch Complete.
2010-06-18 10:34:07,949 DEBUG [Fetch] Fetch Complete.
2010-06-18 10:36:45,853 DEBUG [Fetch] Initializing Fetch.
2010-06-18 10:36:45,854 DEBUG [Fetch] Initializing OAI Fetch.
2010-06-18 10:38:25,745 DEBUG [Fetch] OAI Fetch Complete.
2010-06-18 10:38:25,745 DEBUG [Fetch] Fetch Complete.
2010-06-18 10:40:22,030 DEBUG [Fetch] Initializing Fetch.
2010-06-18 10:40:22,037 DEBUG [Fetch] Initializing OAI Fetch.
2010-06-18 10:40:35,762 DEBUG [Fetch] OAI Fetch Complete.
2010-06-18 10:40:35,762 DEBUG [Fetch] Fetch Complete.
